{"C:\\Users\\danga\\Desktop\\Programavimo_mokymai\\Mokymu_medziaga\\11-js-jest\\1-paskaitos\\asyncTesting.js": {"path":"C:\\Users\\danga\\Desktop\\Programavimo_mokymai\\Mokymu_medziaga\\11-js-jest\\1-paskaitos\\asyncTesting.js","statementMap":{"0":{"start":{"line":2,"column":4},"end":{"line":6,"column":7}},"1":{"start":{"line":3,"column":8},"end":{"line":5,"column":17}},"2":{"start":{"line":4,"column":12},"end":{"line":4,"column":35}},"3":{"start":{"line":8,"column":0},"end":{"line":8,"column":27}}},"fnMap":{"0":{"name":"fetchData","decl":{"start":{"line":1,"column":9},"end":{"line":1,"column":18}},"loc":{"start":{"line":1,"column":21},"end":{"line":7,"column":1}},"line":1},"1":{"name":"(anonymous_1)","decl":{"start":{"line":2,"column":23},"end":{"line":2,"column":24}},"loc":{"start":{"line":2,"column":36},"end":{"line":6,"column":5}},"line":2},"2":{"name":"(anonymous_2)","decl":{"start":{"line":3,"column":19},"end":{"line":3,"column":20}},"loc":{"start":{"line":3,"column":25},"end":{"line":5,"column":9}},"line":3}},"branchMap":{},"s":{"0":1,"1":1,"2":1,"3":1},"f":{"0":1,"1":1,"2":1},"b":{},"_coverageSchema":"1a1c01bbd47fc00a2c39e90264f33305004495a9","hash":"22d6dc3ede504de291c0f076596af704e77293d2"}
,"C:\\Users\\danga\\Desktop\\Programavimo_mokymai\\Mokymu_medziaga\\11-js-jest\\1-paskaitos\\examplesTesting.js": {"path":"C:\\Users\\danga\\Desktop\\Programavimo_mokymai\\Mokymu_medziaga\\11-js-jest\\1-paskaitos\\examplesTesting.js","statementMap":{"0":{"start":{"line":1,"column":24},"end":{"line":1,"column":73}},"1":{"start":{"line":4,"column":2},"end":{"line":4,"column":59}},"2":{"start":{"line":8,"column":2},"end":{"line":15,"column":5}},"3":{"start":{"line":9,"column":4},"end":{"line":14,"column":16}},"4":{"start":{"line":10,"column":6},"end":{"line":12,"column":7}},"5":{"start":{"line":11,"column":8},"end":{"line":11,"column":52}},"6":{"start":{"line":13,"column":6},"end":{"line":13,"column":32}},"7":{"start":{"line":22,"column":0},"end":{"line":22,"column":56}}},"fnMap":{"0":{"name":"duokMasyva","decl":{"start":{"line":3,"column":9},"end":{"line":3,"column":19}},"loc":{"start":{"line":3,"column":22},"end":{"line":5,"column":1}},"line":3},"1":{"name":"fakeAPI","decl":{"start":{"line":7,"column":15},"end":{"line":7,"column":22}},"loc":{"start":{"line":7,"column":32},"end":{"line":16,"column":1}},"line":7},"2":{"name":"(anonymous_2)","decl":{"start":{"line":8,"column":21},"end":{"line":8,"column":22}},"loc":{"start":{"line":8,"column":42},"end":{"line":15,"column":3}},"line":8},"3":{"name":"(anonymous_3)","decl":{"start":{"line":9,"column":15},"end":{"line":9,"column":16}},"loc":{"start":{"line":9,"column":21},"end":{"line":14,"column":5}},"line":9}},"branchMap":{"0":{"loc":{"start":{"line":10,"column":6},"end":{"line":12,"column":7}},"type":"if","locations":[{"start":{"line":10,"column":6},"end":{"line":12,"column":7}},{"start":{},"end":{}}],"line":10}},"s":{"0":1,"1":2,"2":4,"3":4,"4":4,"5":2,"6":4,"7":1},"f":{"0":2,"1":4,"2":4,"3":4},"b":{"0":[2,2]},"_coverageSchema":"1a1c01bbd47fc00a2c39e90264f33305004495a9","hash":"cde53d0bb1354deb3cb7a9238453aec104090096"}
,"C:\\Users\\danga\\Desktop\\Programavimo_mokymai\\Mokymu_medziaga\\11-js-jest\\1-paskaitos\\mock.js": {"path":"C:\\Users\\danga\\Desktop\\Programavimo_mokymai\\Mokymu_medziaga\\11-js-jest\\1-paskaitos\\mock.js","statementMap":{"0":{"start":{"line":2,"column":2},"end":{"line":2,"column":59}},"1":{"start":{"line":5,"column":2},"end":{"line":5,"column":36}},"2":{"start":{"line":9,"column":4},"end":{"line":9,"column":41}},"3":{"start":{"line":12,"column":4},"end":{"line":12,"column":25}},"4":{"start":{"line":14,"column":0},"end":{"line":14,"column":62}}},"fnMap":{"0":{"name":"greet","decl":{"start":{"line":1,"column":9},"end":{"line":1,"column":14}},"loc":{"start":{"line":1,"column":36},"end":{"line":3,"column":1}},"line":1},"1":{"name":"getFullName","decl":{"start":{"line":4,"column":9},"end":{"line":4,"column":20}},"loc":{"start":{"line":4,"column":42},"end":{"line":6,"column":1}},"line":4},"2":{"name":"countPrice","decl":{"start":{"line":8,"column":9},"end":{"line":8,"column":19}},"loc":{"start":{"line":8,"column":37},"end":{"line":10,"column":1}},"line":8},"3":{"name":"getPrice","decl":{"start":{"line":11,"column":9},"end":{"line":11,"column":17}},"loc":{"start":{"line":11,"column":26},"end":{"line":13,"column":1}},"line":11}},"branchMap":{},"s":{"0":1,"1":0,"2":1,"3":0,"4":1},"f":{"0":1,"1":0,"2":1,"3":0},"b":{},"_coverageSchema":"1a1c01bbd47fc00a2c39e90264f33305004495a9","hash":"bbca6734abf90cd485cfec1c8e10a835c8c30cec"}
,"C:\\Users\\danga\\Desktop\\Programavimo_mokymai\\Mokymu_medziaga\\11-js-jest\\1-paskaitos\\notCovered.js": {"path":"C:\\Users\\danga\\Desktop\\Programavimo_mokymai\\Mokymu_medziaga\\11-js-jest\\1-paskaitos\\notCovered.js","statementMap":{"0":{"start":{"line":1,"column":11},"end":{"line":4,"column":1}},"1":{"start":{"line":7,"column":4},"end":{"line":7,"column":15}},"2":{"start":{"line":10,"column":0},"end":{"line":10,"column":23}}},"fnMap":{"0":{"name":"random","decl":{"start":{"line":6,"column":9},"end":{"line":6,"column":15}},"loc":{"start":{"line":6,"column":18},"end":{"line":8,"column":1}},"line":6}},"branchMap":{},"s":{"0":1,"1":0,"2":1},"f":{"0":0},"b":{},"_coverageSchema":"1a1c01bbd47fc00a2c39e90264f33305004495a9","hash":"974714dcf13dbf2a094339d3244e6ddb40429091"}
,"C:\\Users\\danga\\Desktop\\Programavimo_mokymai\\Mokymu_medziaga\\11-js-jest\\1-paskaitos\\objectTesting.js": {"path":"C:\\Users\\danga\\Desktop\\Programavimo_mokymai\\Mokymu_medziaga\\11-js-jest\\1-paskaitos\\objectTesting.js","statementMap":{"0":{"start":{"line":2,"column":4},"end":{"line":4,"column":6}},"1":{"start":{"line":8,"column":4},"end":{"line":11,"column":2}},"2":{"start":{"line":15,"column":0},"end":{"line":15,"column":41}}},"fnMap":{"0":{"name":"getName","decl":{"start":{"line":1,"column":9},"end":{"line":1,"column":16}},"loc":{"start":{"line":1,"column":19},"end":{"line":5,"column":1}},"line":1},"1":{"name":"getNameAndAge","decl":{"start":{"line":7,"column":9},"end":{"line":7,"column":22}},"loc":{"start":{"line":7,"column":32},"end":{"line":12,"column":1}},"line":7}},"branchMap":{},"s":{"0":1,"1":1,"2":1},"f":{"0":1,"1":1},"b":{},"_coverageSchema":"1a1c01bbd47fc00a2c39e90264f33305004495a9","hash":"3ebe7fde936190b1bcb4e826c20058f83d165c28"}
,"C:\\Users\\danga\\Desktop\\Programavimo_mokymai\\Mokymu_medziaga\\11-js-jest\\1-paskaitos\\scripts.js": {"path":"C:\\Users\\danga\\Desktop\\Programavimo_mokymai\\Mokymu_medziaga\\11-js-jest\\1-paskaitos\\scripts.js","statementMap":{"0":{"start":{"line":2,"column":4},"end":{"line":2,"column":17}},"1":{"start":{"line":6,"column":4},"end":{"line":6,"column":17}},"2":{"start":{"line":10,"column":4},"end":{"line":10,"column":17}},"3":{"start":{"line":12,"column":0},"end":{"line":12,"column":41}}},"fnMap":{"0":{"name":"suma","decl":{"start":{"line":1,"column":9},"end":{"line":1,"column":13}},"loc":{"start":{"line":1,"column":20},"end":{"line":3,"column":1}},"line":1},"1":{"name":"atimti","decl":{"start":{"line":5,"column":9},"end":{"line":5,"column":15}},"loc":{"start":{"line":5,"column":22},"end":{"line":7,"column":1}},"line":5},"2":{"name":"daugyba","decl":{"start":{"line":9,"column":9},"end":{"line":9,"column":16}},"loc":{"start":{"line":9,"column":23},"end":{"line":11,"column":1}},"line":9}},"branchMap":{},"s":{"0":2,"1":1,"2":1,"3":1},"f":{"0":2,"1":1,"2":1},"b":{},"_coverageSchema":"1a1c01bbd47fc00a2c39e90264f33305004495a9","hash":"d00cfca0187fa5ebc1e870f5d90f0818acc2fe98"}
}
