TN:
SF:asyncTesting.js
FN:1,fetchData
FN:2,(anonymous_1)
FN:3,(anonymous_2)
FNF:3
FNH:3
FNDA:1,fetchData
FNDA:1,(anonymous_1)
FNDA:1,(anonymous_2)
DA:2,1
DA:3,1
DA:4,1
DA:8,1
LF:4
LH:4
BRF:0
BRH:0
end_of_record
TN:
SF:examplesTesting.js
FN:3,duokMasyva
FN:7,fakeAPI
FN:8,(anonymous_2)
FN:9,(anonymous_3)
FNF:4
FNH:4
FNDA:2,duokMasyva
FNDA:4,fakeAPI
FNDA:4,(anonymous_2)
FNDA:4,(anonymous_3)
DA:1,1
DA:4,2
DA:8,4
DA:9,4
DA:10,4
DA:11,2
DA:13,4
DA:22,1
LF:8
LH:8
BRDA:10,0,0,2
BRDA:10,0,1,2
BRF:2
BRH:2
end_of_record
TN:
SF:mock.js
FN:1,greet
FN:4,getFullName
FN:8,countPrice
FN:11,getPrice
FNF:4
FNH:2
FNDA:1,greet
FNDA:0,getFullName
FNDA:1,countPrice
FNDA:0,getPrice
DA:2,1
DA:5,0
DA:9,1
DA:12,0
DA:14,1
LF:5
LH:3
BRF:0
BRH:0
end_of_record
TN:
SF:notCovered.js
FN:6,random
FNF:1
FNH:0
FNDA:0,random
DA:1,1
DA:7,0
DA:10,1
LF:3
LH:2
BRF:0
BRH:0
end_of_record
TN:
SF:objectTesting.js
FN:1,getName
FN:7,getNameAndAge
FNF:2
FNH:2
FNDA:1,getName
FNDA:1,getNameAndAge
DA:2,1
DA:8,1
DA:15,1
LF:3
LH:3
BRF:0
BRH:0
end_of_record
TN:
SF:scripts.js
FN:1,suma
FN:5,atimti
FN:9,daugyba
FNF:3
FNH:3
FNDA:2,suma
FNDA:1,atimti
FNDA:1,daugyba
DA:2,2
DA:6,1
DA:10,1
DA:12,1
LF:4
LH:4
BRF:0
BRH:0
end_of_record
